<?xml version="1.0" encoding="UTF-8"?>
<!-- Generated by org.testng.reporters.JUnitXMLReporter -->
<testsuite ignored="0" hostname="Kartikeya-PC" failures="0" tests="4" name="Submit Order Test" time="21.22" errors="0" timestamp="2025-02-22T17:38:55 IST">
  <testcase classname="google.StandAloneSmokeTest" name="submitOrder" time="6.239"/>
  <testcase classname="google.StandAloneSmokeTest" name="submitOrder" time="3.242"/>
  <testcase classname="google.StandAloneSmokeTest" name="OrderSequenceValidation" time="0.636"/>
  <testcase classname="google.StandAloneSmokeTest" name="OrderSequenceValidation" time="0.69"/>
</testsuite> <!-- Submit Order Test -->
