<?xml version="1.0" encoding="UTF-8"?>
<!-- Generated by org.testng.reporters.JUnitXMLReporter -->
<testsuite ignored="0" hostname="Kartikeya-PC" failures="1" tests="2" name="Test" time="5.764" errors="0" timestamp="2025-02-07T10:42:52 IST">
  <testcase classname="google.ErrorValidation" name="submitOrder" time="0.551"/>
  <testcase classname="google.ErrorValidation" name="submitOrder" time="5.743">
    <failure type="java.lang.NullPointerException" message="Cannot invoke &amp;quot;com.aventstack.extentreports.ExtentTest.log(com.aventstack.extentreports.Status, String)&amp;quot; because &amp;quot;this.test&amp;quot; is null">
      <![CDATA[java.lang.NullPointerException: Cannot invoke "com.aventstack.extentreports.ExtentTest.log(com.aventstack.extentreports.Status, String)" because "this.test" is null
at google.TestComponents.Listeners.onTestSuccess(Listeners.java:25)
at java.base/java.util.ArrayList.forEach(ArrayList.java:1596)
... Removed 24 stack frames]]>
    </failure>
  </testcase> <!-- submitOrder -->
</testsuite> <!-- Test -->
