<?xml version="1.0" encoding="UTF-8"?>
<!-- Generated by org.testng.reporters.JUnitXMLReporter -->
<testsuite ignored="1" hostname="Kartikeya-PC" failures="0" tests="1" name="Error Validation Test" time="6.4" errors="0" timestamp="2025-02-21T20:15:35 IST">
  <testcase classname="google.ErrorValidationTest" name="incorrectCredentials" time="0.411"/>
  <testcase classname="google.ErrorValidationTest" name="incorrectUsername" time="0.0">
    <ignored/>
  </testcase> <!-- incorrectUsername -->
</testsuite> <!-- Error Validation Test -->
