<?xml version="1.0" encoding="UTF-8"?>
<!-- Generated by org.testng.reporters.JUnitXMLReporter -->
<testsuite ignored="2" hostname="Kartikeya-PC" failures="0" tests="0" time="0.011" errors="0" timestamp="2025-02-21T20:15:29 IST">
  <testcase classname="google.StandAloneSmokeTest" name="submitOrder" time="0.0">
    <ignored/>
  </testcase> <!-- submitOrder -->
  <testcase classname="google.StandAloneSmokeTest" name="OrderSequenceValidation" time="0.0">
    <ignored/>
  </testcase> <!-- OrderSequenceValidation -->
</testsuite>
