<?xml version="1.0" encoding="UTF-8"?>
<testng-results ignored="0" total="1" passed="1" failed="0" skipped="0">
  <reporter-output>
  </reporter-output>
  <suite started-at="2025-02-21T20:15:29 IST" name="Suite" finished-at="2025-02-21T20:15:35 IST" duration-ms="6400">
    <groups>
      <group name="ErrorHandling">
        <method signature="ErrorValidationTest.incorrectCredentials()[pri:0, instance:google.ErrorValidationTest@45752059]" name="incorrectCredentials" class="google.ErrorValidationTest"/>
      </group> <!-- ErrorHandling -->
    </groups>
    <test started-at="2025-02-21T20:15:29 IST" name="Submit Order Test" finished-at="2025-02-21T20:15:29 IST" duration-ms="11">
    </test> <!-- Submit Order Test -->
    <test started-at="2025-02-21T20:15:29 IST" name="Error Validation Test" finished-at="2025-02-21T20:15:35 IST" duration-ms="6400">
      <class name="google.ErrorValidationTest">
        <test-method is-config="true" signature="launchApplication()[pri:0, instance:google.ErrorValidationTest@45752059]" started-at="2025-02-21T20:15:29 IST" name="launchApplication" finished-at="2025-02-21T20:15:35 IST" duration-ms="5746" status="PASS">
          <reporter-output>
          </reporter-output>
        </test-method> <!-- launchApplication -->
        <test-method signature="incorrectCredentials()[pri:0, instance:google.ErrorValidationTest@45752059]" started-at="2025-02-21T20:15:35 IST" name="incorrectCredentials" finished-at="2025-02-21T20:15:35 IST" duration-ms="411" status="PASS">
          <reporter-output>
          </reporter-output>
        </test-method> <!-- incorrectCredentials -->
        <test-method is-config="true" signature="endCode()[pri:0, instance:google.ErrorValidationTest@45752059]" started-at="2025-02-21T20:15:35 IST" name="endCode" finished-at="2025-02-21T20:15:35 IST" duration-ms="189" status="PASS">
          <reporter-output>
          </reporter-output>
        </test-method> <!-- endCode -->
      </class> <!-- google.ErrorValidationTest -->
    </test> <!-- Error Validation Test -->
  </suite> <!-- Suite -->
</testng-results>
